TN:
SF:src/app.ts
FN:21,(anonymous_1)
FNF:1
FNH:1
FNDA:1,(anonymous_1)
DA:1,2
DA:2,2
DA:3,2
DA:5,2
DA:8,2
DA:9,2
DA:18,2
DA:21,2
DA:22,1
DA:25,2
LF:10
LH:10
BRF:0
BRH:0
end_of_record
TN:
SF:src/controllers/userController.ts
FN:5,(anonymous_1)
FNF:1
FNH:1
FNDA:7,(anonymous_1)
DA:2,3
DA:6,7
DA:7,7
DA:8,6
DA:10,1
DA:11,1
DA:16,3
LF:7
LH:7
BRF:0
BRH:0
end_of_record
TN:
SF:src/routes/userRoutes.ts
FNF:0
FNH:0
DA:1,2
DA:2,2
DA:4,2
DA:6,2
DA:8,2
LF:5
LH:5
BRF:0
BRH:0
end_of_record
TN:
SF:src/services/userService.ts
FN:5,(anonymous_0)
FNF:1
FNH:1
FNDA:12,(anonymous_0)
DA:1,3
DA:6,12
DA:8,12
DA:9,196
DA:17,196
DA:20,12
DA:24,3
LF:7
LH:7
BRF:0
BRH:0
end_of_record
